[1202/222234.140:WARNING:archive.cc(145)] Opening \\?\C:\Program Files\小程序开发者工具\resources\app\globalUnpack\node_modules\babel-preset-C:\Program Files\小程序开发者工具\resources\app\vol_modules.asar: FILE_ERROR_FAILED
[1202/222234.140:WARNING:archive.cc(145)] Opening \\?\C:\Program Files\小程序开发者工具\resources\app\globalUnpack\node_modules\babel-preset-C:\Program Files\小程序开发者工具\resources\app\vol_modules.asar: FILE_ERROR_FAILED
[1202/222234.141:WARNING:archive.cc(145)] Opening \\?\C:\Program Files\小程序开发者工具\resources\app\globalUnpack\node_modules\babel-preset-C:\Program Files\小程序开发者工具\resources\app\vol_modules.asar: FILE_ERROR_FAILED
[1202/222234.141:WARNING:archive.cc(145)] Opening \\?\C:\Program Files\小程序开发者工具\resources\app\globalUnpack\node_modules\babel-preset-C:\Program Files\小程序开发者工具\resources\app\vol_modules.asar: FILE_ERROR_FAILED
[1202/222234.142:WARNING:archive.cc(145)] Opening \\?\C:\Program Files\小程序开发者工具\resources\app\vol_modules.asar\node_modules\babel-preset-C:\Program Files\小程序开发者工具\resources\app\vol_modules.asar: FILE_ERROR_FAILED
[1202/222234.142:WARNING:archive.cc(145)] Opening \\?\C:\Program Files\小程序开发者工具\resources\app\vol_modules.asar\node_modules\babel-preset-C:\Program Files\小程序开发者工具\resources\app\vol_modules.asar: FILE_ERROR_FAILED
[1202/222234.142:WARNING:archive.cc(145)] Opening \\?\C:\Program Files\小程序开发者工具\resources\app\vol_modules.asar\node_modules\babel-preset-C:\Program Files\小程序开发者工具\resources\app\vol_modules.asar: FILE_ERROR_FAILED
[1202/222234.142:WARNING:archive.cc(145)] Opening \\?\C:\Program Files\小程序开发者工具\resources\app\vol_modules.asar\node_modules\babel-preset-C:\Program Files\小程序开发者工具\resources\app\vol_modules.asar: FILE_ERROR_FAILED
[1202/222234.148:WARNING:archive.cc(145)] Opening \\?\C:\Program Files\小程序开发者工具\resources\app\vol_modules.asar\node_modules\@alipay\tiny-cli\node_modules\babel-plugin-C:\Program Files\小程序开发者工具\resources\app\vol_modules.asar: FILE_ERROR_FAILED
[1202/222234.148:WARNING:archive.cc(145)] Opening \\?\C:\Program Files\小程序开发者工具\resources\app\vol_modules.asar\node_modules\@alipay\tiny-cli\node_modules\babel-plugin-C:\Program Files\小程序开发者工具\resources\app\vol_modules.asar: FILE_ERROR_FAILED
[1202/222234.148:WARNING:archive.cc(145)] Opening \\?\C:\Program Files\小程序开发者工具\resources\app\vol_modules.asar\node_modules\@alipay\tiny-cli\node_modules\babel-plugin-C:\Program Files\小程序开发者工具\resources\app\vol_modules.asar: FILE_ERROR_FAILED
[1202/222234.148:WARNING:archive.cc(145)] Opening \\?\C:\Program Files\小程序开发者工具\resources\app\vol_modules.asar\node_modules\@alipay\tiny-cli\node_modules\babel-plugin-C:\Program Files\小程序开发者工具\resources\app\vol_modules.asar: FILE_ERROR_FAILED
[1202/222234.148:WARNING:archive.cc(145)] Opening \\?\C:\Program Files\小程序开发者工具\resources\app\vol_modules.asar\node_modules\babel-plugin-C:\Program Files\小程序开发者工具\resources\app\vol_modules.asar: FILE_ERROR_FAILED
[1202/222234.148:WARNING:archive.cc(145)] Opening \\?\C:\Program Files\小程序开发者工具\resources\app\vol_modules.asar\node_modules\babel-plugin-C:\Program Files\小程序开发者工具\resources\app\vol_modules.asar: FILE_ERROR_FAILED
[1202/222234.148:WARNING:archive.cc(145)] Opening \\?\C:\Program Files\小程序开发者工具\resources\app\vol_modules.asar\node_modules\babel-plugin-C:\Program Files\小程序开发者工具\resources\app\vol_modules.asar: FILE_ERROR_FAILED
[1202/222234.149:WARNING:archive.cc(145)] Opening \\?\C:\Program Files\小程序开发者工具\resources\app\vol_modules.asar\node_modules\babel-plugin-C:\Program Files\小程序开发者工具\resources\app\vol_modules.asar: FILE_ERROR_FAILED
[1202/222234.149:WARNING:archive.cc(145)] Opening \\?\C:\Program Files\小程序开发者工具\resources\app\globalUnpack\node_modules\babel-plugin-C:\Program Files\小程序开发者工具\resources\app\vol_modules.asar: FILE_ERROR_FAILED
[1202/222234.149:WARNING:archive.cc(145)] Opening \\?\C:\Program Files\小程序开发者工具\resources\app\globalUnpack\node_modules\babel-plugin-C:\Program Files\小程序开发者工具\resources\app\vol_modules.asar: FILE_ERROR_FAILED
[1202/222234.149:WARNING:archive.cc(145)] Opening \\?\C:\Program Files\小程序开发者工具\resources\app\globalUnpack\node_modules\babel-plugin-C:\Program Files\小程序开发者工具\resources\app\vol_modules.asar: FILE_ERROR_FAILED
[1202/222234.149:WARNING:archive.cc(145)] Opening \\?\C:\Program Files\小程序开发者工具\resources\app\globalUnpack\node_modules\babel-plugin-C:\Program Files\小程序开发者工具\resources\app\vol_modules.asar: FILE_ERROR_FAILED
[1202/222234.149:WARNING:archive.cc(145)] Opening \\?\C:\Program Files\小程序开发者工具\resources\app\vol_modules.asar\node_modules\babel-plugin-C:\Program Files\小程序开发者工具\resources\app\vol_modules.asar: FILE_ERROR_FAILED
[1202/222234.149:WARNING:archive.cc(145)] Opening \\?\C:\Program Files\小程序开发者工具\resources\app\vol_modules.asar\node_modules\babel-plugin-C:\Program Files\小程序开发者工具\resources\app\vol_modules.asar: FILE_ERROR_FAILED
[1202/222234.149:WARNING:archive.cc(145)] Opening \\?\C:\Program Files\小程序开发者工具\resources\app\vol_modules.asar\node_modules\babel-plugin-C:\Program Files\小程序开发者工具\resources\app\vol_modules.asar: FILE_ERROR_FAILED
[1202/222234.149:WARNING:archive.cc(145)] Opening \\?\C:\Program Files\小程序开发者工具\resources\app\vol_modules.asar\node_modules\babel-plugin-C:\Program Files\小程序开发者工具\resources\app\vol_modules.asar: FILE_ERROR_FAILED
[1202/222234.153:WARNING:archive.cc(145)] Opening \\?\C:\Program Files\小程序开发者工具\resources\app\vol_modules.asar\node_modules\@alipay\tiny-cli\node_modules\babel-plugin-C:\Program Files\小程序开发者工具\resources\app\vol_modules.asar: FILE_ERROR_FAILED
[1202/222234.153:WARNING:archive.cc(145)] Opening \\?\C:\Program Files\小程序开发者工具\resources\app\vol_modules.asar\node_modules\@alipay\tiny-cli\node_modules\babel-plugin-C:\Program Files\小程序开发者工具\resources\app\vol_modules.asar: FILE_ERROR_FAILED
[1202/222234.153:WARNING:archive.cc(145)] Opening \\?\C:\Program Files\小程序开发者工具\resources\app\vol_modules.asar\node_modules\@alipay\tiny-cli\node_modules\babel-plugin-C:\Program Files\小程序开发者工具\resources\app\vol_modules.asar: FILE_ERROR_FAILED
[1202/222234.153:WARNING:archive.cc(145)] Opening \\?\C:\Program Files\小程序开发者工具\resources\app\vol_modules.asar\node_modules\@alipay\tiny-cli\node_modules\babel-plugin-C:\Program Files\小程序开发者工具\resources\app\vol_modules.asar: FILE_ERROR_FAILED
[1202/222234.153:WARNING:archive.cc(145)] Opening \\?\C:\Program Files\小程序开发者工具\resources\app\vol_modules.asar\node_modules\babel-plugin-C:\Program Files\小程序开发者工具\resources\app\vol_modules.asar: FILE_ERROR_FAILED
[1202/222234.153:WARNING:archive.cc(145)] Opening \\?\C:\Program Files\小程序开发者工具\resources\app\vol_modules.asar\node_modules\babel-plugin-C:\Program Files\小程序开发者工具\resources\app\vol_modules.asar: FILE_ERROR_FAILED
[1202/222234.153:WARNING:archive.cc(145)] Opening \\?\C:\Program Files\小程序开发者工具\resources\app\vol_modules.asar\node_modules\babel-plugin-C:\Program Files\小程序开发者工具\resources\app\vol_modules.asar: FILE_ERROR_FAILED
[1202/222234.153:WARNING:archive.cc(145)] Opening \\?\C:\Program Files\小程序开发者工具\resources\app\vol_modules.asar\node_modules\babel-plugin-C:\Program Files\小程序开发者工具\resources\app\vol_modules.asar: FILE_ERROR_FAILED
[1202/222234.154:WARNING:archive.cc(145)] Opening \\?\C:\Program Files\小程序开发者工具\resources\app\globalUnpack\node_modules\babel-plugin-C:\Program Files\小程序开发者工具\resources\app\vol_modules.asar: FILE_ERROR_FAILED
[1202/222234.154:WARNING:archive.cc(145)] Opening \\?\C:\Program Files\小程序开发者工具\resources\app\globalUnpack\node_modules\babel-plugin-C:\Program Files\小程序开发者工具\resources\app\vol_modules.asar: FILE_ERROR_FAILED
[1202/222234.154:WARNING:archive.cc(145)] Opening \\?\C:\Program Files\小程序开发者工具\resources\app\globalUnpack\node_modules\babel-plugin-C:\Program Files\小程序开发者工具\resources\app\vol_modules.asar: FILE_ERROR_FAILED
[1202/222234.154:WARNING:archive.cc(145)] Opening \\?\C:\Program Files\小程序开发者工具\resources\app\globalUnpack\node_modules\babel-plugin-C:\Program Files\小程序开发者工具\resources\app\vol_modules.asar: FILE_ERROR_FAILED
[1202/222234.154:WARNING:archive.cc(145)] Opening \\?\C:\Program Files\小程序开发者工具\resources\app\vol_modules.asar\node_modules\babel-plugin-C:\Program Files\小程序开发者工具\resources\app\vol_modules.asar: FILE_ERROR_FAILED
[1202/222234.154:WARNING:archive.cc(145)] Opening \\?\C:\Program Files\小程序开发者工具\resources\app\vol_modules.asar\node_modules\babel-plugin-C:\Program Files\小程序开发者工具\resources\app\vol_modules.asar: FILE_ERROR_FAILED
[1202/222234.154:WARNING:archive.cc(145)] Opening \\?\C:\Program Files\小程序开发者工具\resources\app\vol_modules.asar\node_modules\babel-plugin-C:\Program Files\小程序开发者工具\resources\app\vol_modules.asar: FILE_ERROR_FAILED
[1202/222234.154:WARNING:archive.cc(145)] Opening \\?\C:\Program Files\小程序开发者工具\resources\app\vol_modules.asar\node_modules\babel-plugin-C:\Program Files\小程序开发者工具\resources\app\vol_modules.asar: FILE_ERROR_FAILED
[1202/222234.156:WARNING:archive.cc(145)] Opening \\?\C:\Program Files\小程序开发者工具\resources\app\vol_modules.asar\node_modules\@alipay\tiny-cli\node_modules\babel-plugin-C:\Program Files\小程序开发者工具\resources\app\vol_modules.asar: FILE_ERROR_FAILED
[1202/222234.156:WARNING:archive.cc(145)] Opening \\?\C:\Program Files\小程序开发者工具\resources\app\vol_modules.asar\node_modules\@alipay\tiny-cli\node_modules\babel-plugin-C:\Program Files\小程序开发者工具\resources\app\vol_modules.asar: FILE_ERROR_FAILED
[1202/222234.156:WARNING:archive.cc(145)] Opening \\?\C:\Program Files\小程序开发者工具\resources\app\vol_modules.asar\node_modules\@alipay\tiny-cli\node_modules\babel-plugin-C:\Program Files\小程序开发者工具\resources\app\vol_modules.asar: FILE_ERROR_FAILED
[1202/222234.156:WARNING:archive.cc(145)] Opening \\?\C:\Program Files\小程序开发者工具\resources\app\vol_modules.asar\node_modules\@alipay\tiny-cli\node_modules\babel-plugin-C:\Program Files\小程序开发者工具\resources\app\vol_modules.asar: FILE_ERROR_FAILED
[1202/222234.156:WARNING:archive.cc(145)] Opening \\?\C:\Program Files\小程序开发者工具\resources\app\vol_modules.asar\node_modules\babel-plugin-C:\Program Files\小程序开发者工具\resources\app\vol_modules.asar: FILE_ERROR_FAILED
[1202/222234.156:WARNING:archive.cc(145)] Opening \\?\C:\Program Files\小程序开发者工具\resources\app\vol_modules.asar\node_modules\babel-plugin-C:\Program Files\小程序开发者工具\resources\app\vol_modules.asar: FILE_ERROR_FAILED
[1202/222234.156:WARNING:archive.cc(145)] Opening \\?\C:\Program Files\小程序开发者工具\resources\app\vol_modules.asar\node_modules\babel-plugin-C:\Program Files\小程序开发者工具\resources\app\vol_modules.asar: FILE_ERROR_FAILED
[1202/222234.156:WARNING:archive.cc(145)] Opening \\?\C:\Program Files\小程序开发者工具\resources\app\vol_modules.asar\node_modules\babel-plugin-C:\Program Files\小程序开发者工具\resources\app\vol_modules.asar: FILE_ERROR_FAILED
[1202/222234.157:WARNING:archive.cc(145)] Opening \\?\C:\Program Files\小程序开发者工具\resources\app\globalUnpack\node_modules\babel-plugin-C:\Program Files\小程序开发者工具\resources\app\vol_modules.asar: FILE_ERROR_FAILED
[1202/222234.157:WARNING:archive.cc(145)] Opening \\?\C:\Program Files\小程序开发者工具\resources\app\globalUnpack\node_modules\babel-plugin-C:\Program Files\小程序开发者工具\resources\app\vol_modules.asar: FILE_ERROR_FAILED
[1202/222234.157:WARNING:archive.cc(145)] Opening \\?\C:\Program Files\小程序开发者工具\resources\app\globalUnpack\node_modules\babel-plugin-C:\Program Files\小程序开发者工具\resources\app\vol_modules.asar: FILE_ERROR_FAILED
[1202/222234.157:WARNING:archive.cc(145)] Opening \\?\C:\Program Files\小程序开发者工具\resources\app\globalUnpack\node_modules\babel-plugin-C:\Program Files\小程序开发者工具\resources\app\vol_modules.asar: FILE_ERROR_FAILED
[1202/222234.157:WARNING:archive.cc(145)] Opening \\?\C:\Program Files\小程序开发者工具\resources\app\vol_modules.asar\node_modules\babel-plugin-C:\Program Files\小程序开发者工具\resources\app\vol_modules.asar: FILE_ERROR_FAILED
[1202/222234.157:WARNING:archive.cc(145)] Opening \\?\C:\Program Files\小程序开发者工具\resources\app\vol_modules.asar\node_modules\babel-plugin-C:\Program Files\小程序开发者工具\resources\app\vol_modules.asar: FILE_ERROR_FAILED
[1202/222234.157:WARNING:archive.cc(145)] Opening \\?\C:\Program Files\小程序开发者工具\resources\app\vol_modules.asar\node_modules\babel-plugin-C:\Program Files\小程序开发者工具\resources\app\vol_modules.asar: FILE_ERROR_FAILED
[1202/222234.157:WARNING:archive.cc(145)] Opening \\?\C:\Program Files\小程序开发者工具\resources\app\vol_modules.asar\node_modules\babel-plugin-C:\Program Files\小程序开发者工具\resources\app\vol_modules.asar: FILE_ERROR_FAILED
[1202/222234.158:WARNING:archive.cc(145)] Opening \\?\C:\Program Files\小程序开发者工具\resources\app\vol_modules.asar\node_modules\@alipay\tiny-cli\node_modules\babel-plugin-C:\Program Files\小程序开发者工具\resources\app\vol_modules.asar: FILE_ERROR_FAILED
[1202/222234.158:WARNING:archive.cc(145)] Opening \\?\C:\Program Files\小程序开发者工具\resources\app\vol_modules.asar\node_modules\@alipay\tiny-cli\node_modules\babel-plugin-C:\Program Files\小程序开发者工具\resources\app\vol_modules.asar: FILE_ERROR_FAILED
[1202/222234.158:WARNING:archive.cc(145)] Opening \\?\C:\Program Files\小程序开发者工具\resources\app\vol_modules.asar\node_modules\@alipay\tiny-cli\node_modules\babel-plugin-C:\Program Files\小程序开发者工具\resources\app\vol_modules.asar: FILE_ERROR_FAILED
[1202/222234.158:WARNING:archive.cc(145)] Opening \\?\C:\Program Files\小程序开发者工具\resources\app\vol_modules.asar\node_modules\@alipay\tiny-cli\node_modules\babel-plugin-C:\Program Files\小程序开发者工具\resources\app\vol_modules.asar: FILE_ERROR_FAILED
[1202/222234.158:WARNING:archive.cc(145)] Opening \\?\C:\Program Files\小程序开发者工具\resources\app\vol_modules.asar\node_modules\babel-plugin-C:\Program Files\小程序开发者工具\resources\app\vol_modules.asar: FILE_ERROR_FAILED
[1202/222234.158:WARNING:archive.cc(145)] Opening \\?\C:\Program Files\小程序开发者工具\resources\app\vol_modules.asar\node_modules\babel-plugin-C:\Program Files\小程序开发者工具\resources\app\vol_modules.asar: FILE_ERROR_FAILED
[1202/222234.158:WARNING:archive.cc(145)] Opening \\?\C:\Program Files\小程序开发者工具\resources\app\vol_modules.asar\node_modules\babel-plugin-C:\Program Files\小程序开发者工具\resources\app\vol_modules.asar: FILE_ERROR_FAILED
[1202/222234.158:WARNING:archive.cc(145)] Opening \\?\C:\Program Files\小程序开发者工具\resources\app\vol_modules.asar\node_modules\babel-plugin-C:\Program Files\小程序开发者工具\resources\app\vol_modules.asar: FILE_ERROR_FAILED
[1202/222234.158:WARNING:archive.cc(145)] Opening \\?\C:\Program Files\小程序开发者工具\resources\app\globalUnpack\node_modules\babel-plugin-C:\Program Files\小程序开发者工具\resources\app\vol_modules.asar: FILE_ERROR_FAILED
[1202/222234.159:WARNING:archive.cc(145)] Opening \\?\C:\Program Files\小程序开发者工具\resources\app\globalUnpack\node_modules\babel-plugin-C:\Program Files\小程序开发者工具\resources\app\vol_modules.asar: FILE_ERROR_FAILED
[1202/222234.159:WARNING:archive.cc(145)] Opening \\?\C:\Program Files\小程序开发者工具\resources\app\globalUnpack\node_modules\babel-plugin-C:\Program Files\小程序开发者工具\resources\app\vol_modules.asar: FILE_ERROR_FAILED
[1202/222234.159:WARNING:archive.cc(145)] Opening \\?\C:\Program Files\小程序开发者工具\resources\app\globalUnpack\node_modules\babel-plugin-C:\Program Files\小程序开发者工具\resources\app\vol_modules.asar: FILE_ERROR_FAILED
[1202/222234.159:WARNING:archive.cc(145)] Opening \\?\C:\Program Files\小程序开发者工具\resources\app\vol_modules.asar\node_modules\babel-plugin-C:\Program Files\小程序开发者工具\resources\app\vol_modules.asar: FILE_ERROR_FAILED
[1202/222234.159:WARNING:archive.cc(145)] Opening \\?\C:\Program Files\小程序开发者工具\resources\app\vol_modules.asar\node_modules\babel-plugin-C:\Program Files\小程序开发者工具\resources\app\vol_modules.asar: FILE_ERROR_FAILED
[1202/222234.159:WARNING:archive.cc(145)] Opening \\?\C:\Program Files\小程序开发者工具\resources\app\vol_modules.asar\node_modules\babel-plugin-C:\Program Files\小程序开发者工具\resources\app\vol_modules.asar: FILE_ERROR_FAILED
[1202/222234.159:WARNING:archive.cc(145)] Opening \\?\C:\Program Files\小程序开发者工具\resources\app\vol_modules.asar\node_modules\babel-plugin-C:\Program Files\小程序开发者工具\resources\app\vol_modules.asar: FILE_ERROR_FAILED
[1202/222234.160:WARNING:archive.cc(145)] Opening \\?\C:\Program Files\小程序开发者工具\resources\app\vol_modules.asar\node_modules\@alipay\tiny-cli\node_modules\babel-preset-C:\Program Files\小程序开发者工具\resources\app\vol_modules.asar: FILE_ERROR_FAILED
[1202/222234.160:WARNING:archive.cc(145)] Opening \\?\C:\Program Files\小程序开发者工具\resources\app\vol_modules.asar\node_modules\@alipay\tiny-cli\node_modules\babel-preset-C:\Program Files\小程序开发者工具\resources\app\vol_modules.asar: FILE_ERROR_FAILED
[1202/222234.160:WARNING:archive.cc(145)] Opening \\?\C:\Program Files\小程序开发者工具\resources\app\vol_modules.asar\node_modules\@alipay\tiny-cli\node_modules\babel-preset-C:\Program Files\小程序开发者工具\resources\app\vol_modules.asar: FILE_ERROR_FAILED
[1202/222234.160:WARNING:archive.cc(145)] Opening \\?\C:\Program Files\小程序开发者工具\resources\app\vol_modules.asar\node_modules\@alipay\tiny-cli\node_modules\babel-preset-C:\Program Files\小程序开发者工具\resources\app\vol_modules.asar: FILE_ERROR_FAILED
[1202/222234.160:WARNING:archive.cc(145)] Opening \\?\C:\Program Files\小程序开发者工具\resources\app\vol_modules.asar\node_modules\babel-preset-C:\Program Files\小程序开发者工具\resources\app\vol_modules.asar: FILE_ERROR_FAILED
[1202/222234.160:WARNING:archive.cc(145)] Opening \\?\C:\Program Files\小程序开发者工具\resources\app\vol_modules.asar\node_modules\babel-preset-C:\Program Files\小程序开发者工具\resources\app\vol_modules.asar: FILE_ERROR_FAILED
[1202/222234.160:WARNING:archive.cc(145)] Opening \\?\C:\Program Files\小程序开发者工具\resources\app\vol_modules.asar\node_modules\babel-preset-C:\Program Files\小程序开发者工具\resources\app\vol_modules.asar: FILE_ERROR_FAILED
[1202/222234.160:WARNING:archive.cc(145)] Opening \\?\C:\Program Files\小程序开发者工具\resources\app\vol_modules.asar\node_modules\babel-preset-C:\Program Files\小程序开发者工具\resources\app\vol_modules.asar: FILE_ERROR_FAILED
[1202/222234.161:WARNING:archive.cc(145)] Opening \\?\C:\Program Files\小程序开发者工具\resources\app\globalUnpack\node_modules\babel-preset-C:\Program Files\小程序开发者工具\resources\app\vol_modules.asar: FILE_ERROR_FAILED
[1202/222234.161:WARNING:archive.cc(145)] Opening \\?\C:\Program Files\小程序开发者工具\resources\app\globalUnpack\node_modules\babel-preset-C:\Program Files\小程序开发者工具\resources\app\vol_modules.asar: FILE_ERROR_FAILED
[1202/222234.161:WARNING:archive.cc(145)] Opening \\?\C:\Program Files\小程序开发者工具\resources\app\globalUnpack\node_modules\babel-preset-C:\Program Files\小程序开发者工具\resources\app\vol_modules.asar: FILE_ERROR_FAILED
[1202/222234.161:WARNING:archive.cc(145)] Opening \\?\C:\Program Files\小程序开发者工具\resources\app\globalUnpack\node_modules\babel-preset-C:\Program Files\小程序开发者工具\resources\app\vol_modules.asar: FILE_ERROR_FAILED
[1202/222234.161:WARNING:archive.cc(145)] Opening \\?\C:\Program Files\小程序开发者工具\resources\app\vol_modules.asar\node_modules\babel-preset-C:\Program Files\小程序开发者工具\resources\app\vol_modules.asar: FILE_ERROR_FAILED
[1202/222234.161:WARNING:archive.cc(145)] Opening \\?\C:\Program Files\小程序开发者工具\resources\app\vol_modules.asar\node_modules\babel-preset-C:\Program Files\小程序开发者工具\resources\app\vol_modules.asar: FILE_ERROR_FAILED
[1202/222234.161:WARNING:archive.cc(145)] Opening \\?\C:\Program Files\小程序开发者工具\resources\app\vol_modules.asar\node_modules\babel-preset-C:\Program Files\小程序开发者工具\resources\app\vol_modules.asar: FILE_ERROR_FAILED
[1202/222234.162:WARNING:archive.cc(145)] Opening \\?\C:\Program Files\小程序开发者工具\resources\app\vol_modules.asar\node_modules\babel-preset-C:\Program Files\小程序开发者工具\resources\app\vol_modules.asar: FILE_ERROR_FAILED
[1202/222234.254:WARNING:archive.cc(145)] Opening \\?\C:\Program Files\小程序开发者工具\resources\app\vol_modules.asar\node_modules\@alipay\tiny-cli\node_modules\babel-preset-C:\Program Files\小程序开发者工具\resources\app\vol_modules.asar: FILE_ERROR_FAILED
[1202/222234.254:WARNING:archive.cc(145)] Opening \\?\C:\Program Files\小程序开发者工具\resources\app\vol_modules.asar\node_modules\@alipay\tiny-cli\node_modules\babel-preset-C:\Program Files\小程序开发者工具\resources\app\vol_modules.asar: FILE_ERROR_FAILED
[1202/222234.254:WARNING:archive.cc(145)] Opening \\?\C:\Program Files\小程序开发者工具\resources\app\vol_modules.asar\node_modules\@alipay\tiny-cli\node_modules\babel-preset-C:\Program Files\小程序开发者工具\resources\app\vol_modules.asar: FILE_ERROR_FAILED
[1202/222234.254:WARNING:archive.cc(145)] Opening \\?\C:\Program Files\小程序开发者工具\resources\app\vol_modules.asar\node_modules\@alipay\tiny-cli\node_modules\babel-preset-C:\Program Files\小程序开发者工具\resources\app\vol_modules.asar: FILE_ERROR_FAILED
[1202/222234.254:WARNING:archive.cc(145)] Opening \\?\C:\Program Files\小程序开发者工具\resources\app\vol_modules.asar\node_modules\babel-preset-C:\Program Files\小程序开发者工具\resources\app\vol_modules.asar: FILE_ERROR_FAILED
[1202/222234.254:WARNING:archive.cc(145)] Opening \\?\C:\Program Files\小程序开发者工具\resources\app\vol_modules.asar\node_modules\babel-preset-C:\Program Files\小程序开发者工具\resources\app\vol_modules.asar: FILE_ERROR_FAILED
[1202/222234.254:WARNING:archive.cc(145)] Opening \\?\C:\Program Files\小程序开发者工具\resources\app\vol_modules.asar\node_modules\babel-preset-C:\Program Files\小程序开发者工具\resources\app\vol_modules.asar: FILE_ERROR_FAILED
[1202/222234.255:WARNING:archive.cc(145)] Opening \\?\C:\Program Files\小程序开发者工具\resources\app\vol_modules.asar\node_modules\babel-preset-C:\Program Files\小程序开发者工具\resources\app\vol_modules.asar: FILE_ERROR_FAILED
[1202/222234.255:WARNING:archive.cc(145)] Opening \\?\C:\Program Files\小程序开发者工具\resources\app\globalUnpack\node_modules\babel-preset-C:\Program Files\小程序开发者工具\resources\app\vol_modules.asar: FILE_ERROR_FAILED
[1202/222234.255:WARNING:archive.cc(145)] Opening \\?\C:\Program Files\小程序开发者工具\resources\app\globalUnpack\node_modules\babel-preset-C:\Program Files\小程序开发者工具\resources\app\vol_modules.asar: FILE_ERROR_FAILED
[1202/222234.255:WARNING:archive.cc(145)] Opening \\?\C:\Program Files\小程序开发者工具\resources\app\globalUnpack\node_modules\babel-preset-C:\Program Files\小程序开发者工具\resources\app\vol_modules.asar: FILE_ERROR_FAILED
[1202/222234.255:WARNING:archive.cc(145)] Opening \\?\C:\Program Files\小程序开发者工具\resources\app\globalUnpack\node_modules\babel-preset-C:\Program Files\小程序开发者工具\resources\app\vol_modules.asar: FILE_ERROR_FAILED
[1202/222234.255:WARNING:archive.cc(145)] Opening \\?\C:\Program Files\小程序开发者工具\resources\app\vol_modules.asar\node_modules\babel-preset-C:\Program Files\小程序开发者工具\resources\app\vol_modules.asar: FILE_ERROR_FAILED
[1202/222234.255:WARNING:archive.cc(145)] Opening \\?\C:\Program Files\小程序开发者工具\resources\app\vol_modules.asar\node_modules\babel-preset-C:\Program Files\小程序开发者工具\resources\app\vol_modules.asar: FILE_ERROR_FAILED
[1202/222234.255:WARNING:archive.cc(145)] Opening \\?\C:\Program Files\小程序开发者工具\resources\app\vol_modules.asar\node_modules\babel-preset-C:\Program Files\小程序开发者工具\resources\app\vol_modules.asar: FILE_ERROR_FAILED
[1202/222234.255:WARNING:archive.cc(145)] Opening \\?\C:\Program Files\小程序开发者工具\resources\app\vol_modules.asar\node_modules\babel-preset-C:\Program Files\小程序开发者工具\resources\app\vol_modules.asar: FILE_ERROR_FAILED
[1202/222234.264:WARNING:archive.cc(145)] Opening \\?\C:\Program Files\小程序开发者工具\resources\app\vol_modules.asar\node_modules\@alipay\tiny-cli\node_modules\babel-preset-C:\Program Files\小程序开发者工具\resources\app\vol_modules.asar: FILE_ERROR_FAILED
[1202/222234.264:WARNING:archive.cc(145)] Opening \\?\C:\Program Files\小程序开发者工具\resources\app\vol_modules.asar\node_modules\@alipay\tiny-cli\node_modules\babel-preset-C:\Program Files\小程序开发者工具\resources\app\vol_modules.asar: FILE_ERROR_FAILED
[1202/222234.264:WARNING:archive.cc(145)] Opening \\?\C:\Program Files\小程序开发者工具\resources\app\vol_modules.asar\node_modules\@alipay\tiny-cli\node_modules\babel-preset-C:\Program Files\小程序开发者工具\resources\app\vol_modules.asar: FILE_ERROR_FAILED
[1202/222234.264:WARNING:archive.cc(145)] Opening \\?\C:\Program Files\小程序开发者工具\resources\app\vol_modules.asar\node_modules\@alipay\tiny-cli\node_modules\babel-preset-C:\Program Files\小程序开发者工具\resources\app\vol_modules.asar: FILE_ERROR_FAILED
[1202/222234.264:WARNING:archive.cc(145)] Opening \\?\C:\Program Files\小程序开发者工具\resources\app\vol_modules.asar\node_modules\babel-preset-C:\Program Files\小程序开发者工具\resources\app\vol_modules.asar: FILE_ERROR_FAILED
[1202/222234.264:WARNING:archive.cc(145)] Opening \\?\C:\Program Files\小程序开发者工具\resources\app\vol_modules.asar\node_modules\babel-preset-C:\Program Files\小程序开发者工具\resources\app\vol_modules.asar: FILE_ERROR_FAILED
[1202/222234.264:WARNING:archive.cc(145)] Opening \\?\C:\Program Files\小程序开发者工具\resources\app\vol_modules.asar\node_modules\babel-preset-C:\Program Files\小程序开发者工具\resources\app\vol_modules.asar: FILE_ERROR_FAILED
[1202/222234.264:WARNING:archive.cc(145)] Opening \\?\C:\Program Files\小程序开发者工具\resources\app\vol_modules.asar\node_modules\babel-preset-C:\Program Files\小程序开发者工具\resources\app\vol_modules.asar: FILE_ERROR_FAILED
[1202/222234.264:WARNING:archive.cc(145)] Opening \\?\C:\Program Files\小程序开发者工具\resources\app\globalUnpack\node_modules\babel-preset-C:\Program Files\小程序开发者工具\resources\app\vol_modules.asar: FILE_ERROR_FAILED
[1202/222234.264:WARNING:archive.cc(145)] Opening \\?\C:\Program Files\小程序开发者工具\resources\app\globalUnpack\node_modules\babel-preset-C:\Program Files\小程序开发者工具\resources\app\vol_modules.asar: FILE_ERROR_FAILED
[1202/222234.264:WARNING:archive.cc(145)] Opening \\?\C:\Program Files\小程序开发者工具\resources\app\globalUnpack\node_modules\babel-preset-C:\Program Files\小程序开发者工具\resources\app\vol_modules.asar: FILE_ERROR_FAILED
[1202/222234.264:WARNING:archive.cc(145)] Opening \\?\C:\Program Files\小程序开发者工具\resources\app\globalUnpack\node_modules\babel-preset-C:\Program Files\小程序开发者工具\resources\app\vol_modules.asar: FILE_ERROR_FAILED
[1202/222234.264:WARNING:archive.cc(145)] Opening \\?\C:\Program Files\小程序开发者工具\resources\app\vol_modules.asar\node_modules\babel-preset-C:\Program Files\小程序开发者工具\resources\app\vol_modules.asar: FILE_ERROR_FAILED
[1202/222234.265:WARNING:archive.cc(145)] Opening \\?\C:\Program Files\小程序开发者工具\resources\app\vol_modules.asar\node_modules\babel-preset-C:\Program Files\小程序开发者工具\resources\app\vol_modules.asar: FILE_ERROR_FAILED
[1202/222234.265:WARNING:archive.cc(145)] Opening \\?\C:\Program Files\小程序开发者工具\resources\app\vol_modules.asar\node_modules\babel-preset-C:\Program Files\小程序开发者工具\resources\app\vol_modules.asar: FILE_ERROR_FAILED
[1202/222234.265:WARNING:archive.cc(145)] Opening \\?\C:\Program Files\小程序开发者工具\resources\app\vol_modules.asar\node_modules\babel-preset-C:\Program Files\小程序开发者工具\resources\app\vol_modules.asar: FILE_ERROR_FAILED
